# JRE version: Java(TM) SE Runtime Environment (25.0+37) (build 25+37-LTS-3491)
# Java VM: Java HotSpot(TM) 64-Bit Server VM (25+37-LTS-3491, mixed mode, emulated-client, sharing, tiered, compressed oops, compressed class ptrs, g1 gc, windows-amd64)
GC Precious Log:
 CardTable entry size: 512
 Card Set container configuration: InlinePtr #cards 5 size 8 Array Of Cards #cards 10 size 36 Howl #buckets 4 coarsen threshold 1843 Howl Bitmap #cards 512 size 80 coarsen threshold 460 Card regions per heap region 1 cards per card region 2048
 CPUs: 8 total, 8 available
 Memory: 7959M
 Large Page Support: Disabled
 NUMA Support: Disabled
 Compressed Oops: Enabled (32-bit)
 Heap Region Size: 1M
 Heap Min Capacity: 8M
 Heap Initial Capacity: 126M
 Heap Max Capacity: 1990M
 Pre-touch: Disabled
 Parallel Workers: 8
 Concurrent Workers: 2
 Concurrent Refinement Workers: 8
 Periodic GC: Disabled
Heap:
 garbage-first heap   total reserved 2037760K, committed 131072K, used 64695K [0x0000000083a00000, 0x0000000100000000)
  region size 1024K, 6 young (6144K), 6 survivors (6144K)
GC Heap Usage History (9 events):
Event: 2.699 {heap Before GC invocations=0 (full 0):
 garbage-first heap   total reserved 2037760K, committed 131072K, used 54421K [0x0000000083a00000, 0x0000000100000000)
  region size 1024K, 47 young (48128K), 0 survivors (0K)
}
Event: 2.739 {heap After GC invocations=1 (full 0):
 garbage-first heap   total reserved 2037760K, committed 131072K, used 36501K [0x0000000083a00000, 0x0000000100000000)
  region size 1024K, 6 young (6144K), 6 survivors (6144K)
}
Event: 3.136 {heap Before GC invocations=1 (full 0):
 garbage-first heap   total reserved 2037760K, committed 131072K, used 67221K [0x0000000083a00000, 0x0000000100000000)
  region size 1024K, 36 young (36864K), 6 survivors (6144K)
}
Event: 3.157 {heap After GC invocations=2 (full 0):
 garbage-first heap   total reserved 2037760K, committed 131072K, used 46741K [0x0000000083a00000, 0x0000000100000000)
  region size 1024K, 5 young (5120K), 5 survivors (5120K)
}
Event: 3.385 {heap Before GC invocations=2 (full 0):
 garbage-first heap   total reserved 2037760K, committed 131072K, used 79509K [0x0000000083a00000, 0x0000000100000000)
  region size 1024K, 37 young (37888K), 5 survivors (5120K)
}
Event: 3.400 {heap After GC invocations=3 (full 0):
 garbage-first heap   total reserved 2037760K, committed 131072K, used 52373K [0x0000000083a00000, 0x0000000100000000)
  region size 1024K, 5 young (5120K), 5 survivors (5120K)
}
Event: 3.593 {heap Before GC invocations=3 (full 0):
 garbage-first heap   total reserved 2037760K, committed 131072K, used 89237K [0x0000000083a00000, 0x0000000100000000)
  region size 1024K, 41 young (41984K), 5 survivors (5120K)
}
Event: 3.607 {heap After GC invocations=4 (full 0):
 garbage-first heap   total reserved 2037760K, committed 131072K, used 58991K [0x0000000083a00000, 0x0000000100000000)
  region size 1024K, 6 young (6144K), 6 survivors (6144K)
}
Event: 3.866 {heap Before GC invocations=4 (full 0):
 garbage-first heap   total reserved 2037760K, committed 131072K, used 94831K [0x0000000083a00000, 0x0000000100000000)
  region size 1024K, 41 young (41984K), 6 survivors (6144K)
}

