# JRE version: Java(TM) SE Runtime Environment (25.0+37) (build 25+37-LTS-3491)
# Java VM: Java HotSpot(TM) 64-Bit Server VM (25+37-LTS-3491, mixed mode, sharing, tiered, compressed oops, compressed class ptrs, g1 gc, windows-amd64)
GC Precious Log:
 CardTable entry size: 512
 Card Set container configuration: InlinePtr #cards 5 size 8 Array Of Cards #cards 10 size 36 Howl #buckets 4 coarsen threshold 1843 Howl Bitmap #cards 512 size 80 coarsen threshold 460 Card regions per heap region 1 cards per card region 2048
 CPUs: 8 total, 8 available
 Memory: 7959M
 Large Page Support: Disabled
 NUMA Support: Disabled
 Compressed Oops: Enabled (32-bit)
 Heap Region Size: 1M
 Heap Min Capacity: 8M
 Heap Initial Capacity: 126M
 Heap Max Capacity: 1990M
 Pre-touch: Disabled
 Parallel Workers: 8
 Concurrent Workers: 2
 Concurrent Refinement Workers: 8
 Periodic GC: Disabled
Heap:
 garbage-first heap   total reserved 2037760K, committed 215040K, used 147284K [0x0000000083a00000, 0x0000000100000000)
  region size 1024K, 46 young (47104K), 11 survivors (11264K)
GC Heap Usage History (20 events):
Event: 26.630 {heap Before GC invocations=14 (full 0):
 garbage-first heap   total reserved 2037760K, committed 147456K, used 127828K [0x0000000083a00000, 0x0000000100000000)
  region size 1024K, 86 young (88064K), 4 survivors (4096K)
}
Event: 26.641 {heap After GC invocations=15 (full 0):
 garbage-first heap   total reserved 2037760K, committed 147456K, used 45396K [0x0000000083a00000, 0x0000000100000000)
  region size 1024K, 5 young (5120K), 5 survivors (5120K)
}
Event: 30.041 {heap Before GC invocations=15 (full 0):
 garbage-first heap   total reserved 2037760K, committed 147456K, used 128340K [0x0000000083a00000, 0x0000000100000000)
  region size 1024K, 86 young (88064K), 5 survivors (5120K)
}
Event: 30.060 {heap After GC invocations=16 (full 0):
 garbage-first heap   total reserved 2037760K, committed 147456K, used 48468K [0x0000000083a00000, 0x0000000100000000)
  region size 1024K, 8 young (8192K), 8 survivors (8192K)
}
Event: 32.549 {heap Before GC invocations=16 (full 0):
 garbage-first heap   total reserved 2037760K, committed 147456K, used 128340K [0x0000000083a00000, 0x0000000100000000)
  region size 1024K, 86 young (88064K), 8 survivors (8192K)
}
Event: 32.570 {heap After GC invocations=17 (full 0):
 garbage-first heap   total reserved 2037760K, committed 147456K, used 50403K [0x0000000083a00000, 0x0000000100000000)
  region size 1024K, 8 young (8192K), 8 survivors (8192K)
}
Event: 34.130 {heap Before GC invocations=17 (full 0):
 garbage-first heap   total reserved 2037760K, committed 147456K, used 133347K [0x0000000083a00000, 0x0000000100000000)
  region size 1024K, 86 young (88064K), 8 survivors (8192K)
}
Event: 34.148 {heap After GC invocations=18 (full 0):
 garbage-first heap   total reserved 2037760K, committed 147456K, used 58372K [0x0000000083a00000, 0x0000000100000000)
  region size 1024K, 9 young (9216K), 9 survivors (9216K)
}
Event: 35.083 {heap Before GC invocations=18 (full 0):
 garbage-first heap   total reserved 2037760K, committed 147456K, used 134148K [0x0000000083a00000, 0x0000000100000000)
  region size 1024K, 84 young (86016K), 9 survivors (9216K)
}
Event: 35.110 {heap After GC invocations=19 (full 0):
 garbage-first heap   total reserved 2037760K, committed 152576K, used 61483K [0x0000000083a00000, 0x0000000100000000)
  region size 1024K, 11 young (11264K), 11 survivors (11264K)
}
Event: 35.383 {heap Before GC invocations=19 (full 0):
 garbage-first heap   total reserved 2037760K, committed 152576K, used 134187K [0x0000000083a00000, 0x0000000100000000)
  region size 1024K, 83 young (84992K), 11 survivors (11264K)
}
Event: 35.399 {heap After GC invocations=20 (full 0):
 garbage-first heap   total reserved 2037760K, committed 152576K, used 57669K [0x0000000083a00000, 0x0000000100000000)
  region size 1024K, 2 young (2048K), 2 survivors (2048K)
}
Event: 35.673 {heap Before GC invocations=20 (full 0):
 garbage-first heap   total reserved 2037760K, committed 152576K, used 135493K [0x0000000083a00000, 0x0000000100000000)
  region size 1024K, 78 young (79872K), 2 survivors (2048K)
}
Event: 35.683 {heap After GC invocations=21 (full 0):
 garbage-first heap   total reserved 2037760K, committed 189440K, used 59991K [0x0000000083a00000, 0x0000000100000000)
  region size 1024K, 4 young (4096K), 4 survivors (4096K)
}
Event: 36.169 {heap Before GC invocations=21 (full 0):
 garbage-first heap   total reserved 2037760K, committed 189440K, used 166487K [0x0000000083a00000, 0x0000000100000000)
  region size 1024K, 109 young (111616K), 4 survivors (4096K)
}
Event: 36.176 {heap After GC invocations=22 (full 0):
 garbage-first heap   total reserved 2037760K, committed 189440K, used 60021K [0x0000000083a00000, 0x0000000100000000)
  region size 1024K, 4 young (4096K), 4 survivors (4096K)
}
Event: 38.794 {heap Before GC invocations=22 (full 0):
 garbage-first heap   total reserved 2037760K, committed 189440K, used 172661K [0x0000000083a00000, 0x0000000100000000)
  region size 1024K, 111 young (113664K), 4 survivors (4096K)
}
Event: 38.840 {heap After GC invocations=23 (full 0):
 garbage-first heap   total reserved 2037760K, committed 215040K, used 100158K [0x0000000083a00000, 0x0000000100000000)
  region size 1024K, 14 young (14336K), 14 survivors (14336K)
}
Event: 40.071 {heap Before GC invocations=23 (full 0):
 garbage-first heap   total reserved 2037760K, committed 215040K, used 169790K [0x0000000083a00000, 0x0000000100000000)
  region size 1024K, 82 young (83968K), 14 survivors (14336K)
}
Event: 40.093 {heap After GC invocations=24 (full 0):
 garbage-first heap   total reserved 2037760K, committed 215040K, used 112468K [0x0000000083a00000, 0x0000000100000000)
  region size 1024K, 11 young (11264K), 11 survivors (11264K)
}

